Jul 28, 2019 3:41:07 PM Server.UDPHandler <init>
INFO: 
UDP at port7777 started......
Jul 28, 2019 3:41:07 PM Server.UDPHandler listen
INFO: 
UDP at Port :7777 listening.....
Jul 28, 2019 3:41:11 PM common.Log info
INFO: 
MethodType: addEvent
Parameters: 
          EventID: MTLA090619
          EventType: Conference
          bookingCapacity: 2

Status: Success

Jul 28, 2019 3:41:11 PM common.Log info
INFO: 
MethodType: addEvent
Parameters: 
          EventID: MTLA080619
          EventType: TradeShow
          bookingCapacity: 1

Status: Success

Jul 28, 2019 3:41:11 PM Server.UDPHandler handle
INFO: 
UDP at port: 7777 Received requst from 60057: showAvailableEvents Conference is handling....
Jul 28, 2019 3:41:11 PM Server.UDPHandler handle
INFO: 
 Finish handle...
UDP at port 7777 Send reply to : 60057: 
MTLA090619 2
Jul 28, 2019 3:41:11 PM Server.UDPHandler handle
INFO: 
UDP at port: 7777 Received requst from 60060: showAvailableEvents Seminar is handling....
Jul 28, 2019 3:41:11 PM Server.UDPHandler handle
INFO: 
 Finish handle...
UDP at port 7777 Send reply to : 60060: 

Jul 28, 2019 3:41:11 PM Server.UDPHandler handle
INFO: 
UDP at port: 7777 Received requst from 60063: showAvailableEvents TradeShow is handling....
Jul 28, 2019 3:41:11 PM Server.UDPHandler handle
INFO: 
 Finish handle...
UDP at port 7777 Send reply to : 60063: 
MTLA080619 1
Jul 28, 2019 3:41:11 PM Server.UDPHandler handle
INFO: 
UDP at port: 7777 Received requst from 60067: book OTWC1234 MTLA090619 Conference is handling....
Jul 28, 2019 3:41:11 PM Server.UDPHandler handle
INFO: 
 Finish handle...
UDP at port 7777 Send reply to : 60067: 
Success
Jul 28, 2019 3:41:12 PM Server.UDPHandler handle
INFO: 
UDP at port: 7777 Received requst from 60071: book TORC1234 MTLA080619 TradeShow is handling....
Jul 28, 2019 3:41:12 PM Server.UDPHandler handle
INFO: 
 Finish handle...
UDP at port 7777 Send reply to : 60071: 
Success
Jul 28, 2019 3:41:12 PM Server.UDPHandler send
INFO: 
UDP at port : 7777get reply from8888is: OTWA190619 1
Jul 28, 2019 3:41:12 PM Server.UDPHandler handle
INFO: 
UDP at port: 7777 Received requst from 60073: showAvailableEvents Conference is handling....
Jul 28, 2019 3:41:12 PM Server.UDPHandler handle
INFO: 
 Finish handle...
UDP at port 7777 Send reply to : 60073: 
MTLA090619 1
Jul 28, 2019 3:41:12 PM Server.UDPHandler send
INFO: 
UDP at port : 7777get reply from7777is: MTLA090619 1
Jul 28, 2019 3:41:12 PM Server.UDPHandler send
INFO: 
UDP at port : 7777get reply from6666is: TORE080619 2
Jul 28, 2019 3:41:12 PM common.Log info
INFO: 
MethodType: listEventAvailability
Parameters: 
          EventType: Conference
Status: OTWA190619 1, MTLA090619 1, TORE080619 2

Jul 28, 2019 3:41:12 PM Server.UDPHandler send
INFO: 
UDP at port : 7777get reply from8888is: OTWA250619 0
Jul 28, 2019 3:41:12 PM Server.UDPHandler handle
INFO: 
UDP at port: 7777 Received requst from 60076: showAvailableEvents Seminar is handling....
Jul 28, 2019 3:41:12 PM Server.UDPHandler handle
INFO: 
 Finish handle...
UDP at port 7777 Send reply to : 60076: 

Jul 28, 2019 3:41:12 PM Server.UDPHandler send
INFO: 
UDP at port : 7777get reply from7777is: 
Jul 28, 2019 3:41:12 PM Server.UDPHandler send
INFO: 
UDP at port : 7777get reply from6666is: TORE110619 0
Jul 28, 2019 3:41:12 PM common.Log info
INFO: 
MethodType: listEventAvailability
Parameters: 
          EventType: Seminar
Status: OTWA250619 0, TORE110619 0

Jul 28, 2019 3:41:12 PM Server.UDPHandler send
INFO: 
UDP at port : 7777get reply from8888is: 
Jul 28, 2019 3:41:12 PM Server.UDPHandler handle
INFO: 
UDP at port: 7777 Received requst from 60079: showAvailableEvents TradeShow is handling....
Jul 28, 2019 3:41:12 PM Server.UDPHandler handle
INFO: 
 Finish handle...
UDP at port 7777 Send reply to : 60079: 
MTLA080619 0
Jul 28, 2019 3:41:12 PM Server.UDPHandler send
INFO: 
UDP at port : 7777get reply from7777is: MTLA080619 0
Jul 28, 2019 3:41:12 PM Server.UDPHandler send
INFO: 
UDP at port : 7777get reply from6666is: 
Jul 28, 2019 3:41:12 PM common.Log info
INFO: 
MethodType: listEventAvailability
Parameters: 
          EventType: TradeShow
Status: MTLA080619 0

Jul 28, 2019 3:41:12 PM common.Log info
INFO: 
MethodType: addEvent
Parameters: 
          EventID: MTLA090719
          EventType: Conference
          bookingCapacity: 2

Status: Success

