Jul 28, 2019 3:41:07 PM Server.UDPHandler <init>
INFO: 
UDP at port6666 started......
Jul 28, 2019 3:41:07 PM Server.UDPHandler listen
INFO: 
UDP at Port :6666 listening.....
Jul 28, 2019 3:41:11 PM common.Log info
INFO: 
MethodType: addEvent
Parameters: 
          EventID: TORE080619
          EventType: Conference
          bookingCapacity: 2

Status: Success

Jul 28, 2019 3:41:11 PM common.Log info
INFO: 
MethodType: addEvent
Parameters: 
          EventID: TORE110619
          EventType: Seminar
          bookingCapacity: 1

Status: Success

Jul 28, 2019 3:41:11 PM Server.UDPHandler handle
INFO: 
UDP at port: 6666 Received requst from 60058: showAvailableEvents Conference is handling....
Jul 28, 2019 3:41:11 PM Server.UDPHandler handle
INFO: 
 Finish handle...
UDP at port 6666 Send reply to : 60058: 
TORE080619 2
Jul 28, 2019 3:41:11 PM Server.UDPHandler handle
INFO: 
UDP at port: 6666 Received requst from 60061: showAvailableEvents Seminar is handling....
Jul 28, 2019 3:41:11 PM Server.UDPHandler handle
INFO: 
 Finish handle...
UDP at port 6666 Send reply to : 60061: 
TORE110619 1
Jul 28, 2019 3:41:11 PM Server.UDPHandler handle
INFO: 
UDP at port: 6666 Received requst from 60064: showAvailableEvents TradeShow is handling....
Jul 28, 2019 3:41:11 PM Server.UDPHandler handle
INFO: 
 Finish handle...
UDP at port 6666 Send reply to : 60064: 

Jul 28, 2019 3:41:11 PM Server.UDPHandler handle
INFO: 
UDP at port: 6666 Received requst from 60065: book OTWC1234 TORE080619 Conference is handling....
Jul 28, 2019 3:41:11 PM Server.UDPHandler handle
INFO: 
 Finish handle...
UDP at port 6666 Send reply to : 60065: 
Success
Jul 28, 2019 3:41:11 PM Server.UDPHandler handle
INFO: 
UDP at port: 6666 Received requst from 60066: book OTWC1234 TORE110619 Seminar is handling....
Jul 28, 2019 3:41:11 PM Server.UDPHandler handle
INFO: 
 Finish handle...
UDP at port 6666 Send reply to : 60066: 
Success
Jul 28, 2019 3:41:11 PM Server.UDPHandler handle
INFO: 
UDP at port: 6666 Received requst from 60068: swap OTWC1234 OTWA250619 TORE080619 is handling....
Jul 28, 2019 3:41:11 PM Server.UDPHandler handle
INFO: 
UDP at port: 6666 Received requst from 60070: swap_cancel OTWC1234 TORE080619 is handling....
Jul 28, 2019 3:41:11 PM Server.UDPHandler handle
INFO: 
 Finish handle...
UDP at port 6666 Send reply to : 60070: 
Success
Jul 28, 2019 3:41:11 PM Server.UDPHandler send
INFO: 
UDP at port : 6666get reply from8888is: Success
Jul 28, 2019 3:41:11 PM Server.UDPHandler handle
INFO: 
 Finish handle...
UDP at port 6666 Send reply to : 60068: 
Success
Jul 28, 2019 3:41:12 PM Server.UDPHandler send
INFO: 
UDP at port : 6666get reply from7777is: Success
Jul 28, 2019 3:41:12 PM common.Log info
INFO: 
MethodType: bookEvent
Parameters: 
          CustomerID: TORC1234
          EventID: MTLA080619
          EventType: TradeShow
Status: Success

Jul 28, 2019 3:41:12 PM common.Log info
INFO: 
MethodType: swapEvent
Parameters: 
          CustomerID: TORC1234
          newEventID: OTWA250619
          newEventType: Seminar
          oldEventID: TORE080619
          oldEventType: Conference
Status: We don't have the event

Jul 28, 2019 3:41:12 PM common.Log info
INFO: 
MethodType: swapEvent
Parameters: 
          CustomerID: TORC1234
          newEventID: TORE080619
          newEventType: Seminar
          oldEventID: MTLA090619
          oldEventType: Conference
Status: We don't have the event

Jul 28, 2019 3:41:12 PM common.Log info
INFO: 
MethodType: getBookingSchedule
Parameters: 
          CustomerID: TORC1234
Status: Seminar : 
TradeShow : MTLA080619
Conference : 


Jul 28, 2019 3:41:12 PM Server.UDPHandler handle
INFO: 
UDP at port: 6666 Received requst from 60074: showAvailableEvents Conference is handling....
Jul 28, 2019 3:41:12 PM Server.UDPHandler handle
INFO: 
 Finish handle...
UDP at port 6666 Send reply to : 60074: 
TORE080619 2
Jul 28, 2019 3:41:12 PM Server.UDPHandler handle
INFO: 
UDP at port: 6666 Received requst from 60077: showAvailableEvents Seminar is handling....
Jul 28, 2019 3:41:12 PM Server.UDPHandler handle
INFO: 
 Finish handle...
UDP at port 6666 Send reply to : 60077: 
TORE110619 0
Jul 28, 2019 3:41:12 PM Server.UDPHandler handle
INFO: 
UDP at port: 6666 Received requst from 60080: showAvailableEvents TradeShow is handling....
Jul 28, 2019 3:41:12 PM Server.UDPHandler handle
INFO: 
 Finish handle...
UDP at port 6666 Send reply to : 60080: 

